<?xml version="1.0" encoding="UTF-8"?>
<trace:TraceModel
    xmi:version="2.0"
    xmlns:xmi="http://www.omg.org/XMI"
    xmlns:trace="http://www.eclipse.org/gmf/2006/Trace">
  <nodeTraces
      visualID="2001"
      queryText="(let _eClass_:ecore::EClass = modelFacet.metaClass.ecoreClass in _eClass_.ePackage.nsURI = 'specificPart' and _eClass_.name = 'ClassMSE') and (let _containmentMF_:ecore::EStructuralFeature = modelFacet.containmentMetaFeature.ecoreFeature in (let _eClass_:ecore::EClass = _containmentMF_.eContainingClass in _eClass_.ePackage.nsURI = 'specificPart' and _eClass_.name = 'ClassDiagramMSE') and _containmentMF_.name = 'lstClass')">
    <nodeLabelTraces
        visualID="5003"
        queryText="true"/>
    <compartmentTraces
        visualID="7001"
        queryText="true"/>
    <compartmentTraces
        visualID="7002"
        queryText="true"/>
  </nodeTraces>
  <nodeTraces
      visualID="2002"
      queryText="(let _eClass_:ecore::EClass = modelFacet.metaClass.ecoreClass in _eClass_.ePackage.nsURI = 'specificPart' and _eClass_.name = 'PackageMSE') and (let _containmentMF_:ecore::EStructuralFeature = modelFacet.containmentMetaFeature.ecoreFeature in (let _eClass_:ecore::EClass = _containmentMF_.eContainingClass in _eClass_.ePackage.nsURI = 'specificPart' and _eClass_.name = 'ClassDiagramMSE') and _containmentMF_.name = 'lstPackages')">
    <nodeLabelTraces
        visualID="5004"
        queryText="true"/>
  </nodeTraces>
  <childNodeTraces
      visualID="3001"
      queryText="(let _eClass_:ecore::EClass = modelFacet.metaClass.ecoreClass in _eClass_.ePackage.nsURI = 'specificPart' and _eClass_.name = 'AttributeMSE') and (let _containmentMF_:ecore::EStructuralFeature = modelFacet.containmentMetaFeature.ecoreFeature in (let _eClass_:ecore::EClass = _containmentMF_.eContainingClass in _eClass_.ePackage.nsURI = 'specificPart' and _eClass_.name = 'ClassMSE') and _containmentMF_.name = 'lstAttributes')">
    <nodeLabelTraces
        visualID="5001"
        queryText="true"/>
  </childNodeTraces>
  <childNodeTraces
      visualID="3002"
      queryText="(let _eClass_:ecore::EClass = modelFacet.metaClass.ecoreClass in _eClass_.ePackage.nsURI = 'specificPart' and _eClass_.name = 'MethodMSE') and (let _containmentMF_:ecore::EStructuralFeature = modelFacet.containmentMetaFeature.ecoreFeature in (let _eClass_:ecore::EClass = _containmentMF_.eContainingClass in _eClass_.ePackage.nsURI = 'specificPart' and _eClass_.name = 'ClassMSE') and _containmentMF_.name = 'lstMethods')">
    <nodeLabelTraces
        visualID="5002"
        queryText="true"/>
  </childNodeTraces>
  <linkTraces
      visualID="4001"
      queryText="modelFacet.oclIsKindOf(gmfgen::TypeLinkModelFacet) and (let _eClass_:ecore::EClass = modelFacet.oclAsType(gmfgen::TypeLinkModelFacet).metaClass.ecoreClass in _eClass_.ePackage.nsURI = 'specificPart' and _eClass_.name = 'ContainmentMSE')">
    <linkLabelTraces
        visualID="6009"
        queryText="true"/>
    <linkLabelTraces
        visualID="6010"
        queryText="true"/>
    <linkLabelTraces
        visualID="6011"
        queryText="true"/>
    <linkLabelTraces
        visualID="6012"
        queryText="true"/>
  </linkTraces>
  <linkTraces
      visualID="4002"
      queryText="modelFacet.oclIsKindOf(gmfgen::TypeLinkModelFacet) and (let _eClass_:ecore::EClass = modelFacet.oclAsType(gmfgen::TypeLinkModelFacet).metaClass.ecoreClass in _eClass_.ePackage.nsURI = 'specificPart' and _eClass_.name = 'AgregationMSE')">
    <linkLabelTraces
        visualID="6013"
        queryText="true"/>
    <linkLabelTraces
        visualID="6014"
        queryText="true"/>
    <linkLabelTraces
        visualID="6015"
        queryText="true"/>
    <linkLabelTraces
        visualID="6016"
        queryText="true"/>
  </linkTraces>
  <linkTraces
      visualID="4003"
      queryText="modelFacet.oclIsKindOf(gmfgen::TypeLinkModelFacet) and (let _eClass_:ecore::EClass = modelFacet.oclAsType(gmfgen::TypeLinkModelFacet).metaClass.ecoreClass in _eClass_.ePackage.nsURI = 'specificPart' and _eClass_.name = 'AssociationMSE')">
    <linkLabelTraces
        visualID="6005"
        queryText="true"/>
    <linkLabelTraces
        visualID="6006"
        queryText="true"/>
    <linkLabelTraces
        visualID="6007"
        queryText="true"/>
    <linkLabelTraces
        visualID="6008"
        queryText="true"/>
  </linkTraces>
  <linkTraces
      visualID="4004"
      queryText="modelFacet.oclIsKindOf(gmfgen::TypeLinkModelFacet) and (let _eClass_:ecore::EClass = modelFacet.oclAsType(gmfgen::TypeLinkModelFacet).metaClass.ecoreClass in _eClass_.ePackage.nsURI = 'specificPart' and _eClass_.name = 'ImplementationMSE')">
    <linkLabelTraces
        visualID="6017"
        queryText="true"/>
    <linkLabelTraces
        visualID="6018"
        queryText="true"/>
    <linkLabelTraces
        visualID="6019"
        queryText="true"/>
    <linkLabelTraces
        visualID="6020"
        queryText="true"/>
  </linkTraces>
  <linkTraces
      visualID="4005"
      queryText="modelFacet.oclIsKindOf(gmfgen::TypeLinkModelFacet) and (let _eClass_:ecore::EClass = modelFacet.oclAsType(gmfgen::TypeLinkModelFacet).metaClass.ecoreClass in _eClass_.ePackage.nsURI = 'specificPart' and _eClass_.name = 'InheritanceMSE')"/>
</trace:TraceModel>
